
Status: FAILED!
Check: 1
Test: Add a multiple-line comment, beginning on Line 2, that includes your name (firstname lastname)
Reason: Assertion failed: No comments found in the file
Error : AssertionError - No comments found in the file
Timestamp: 2025-02-23 08:12:04.370292

Status: FAILED!
Check: 2
Test: Add a multiple-line comment, beginning on Line 2, that includes file name
Reason: Assertion failed: No comments found in the file
Error : AssertionError - No comments found in the file
Timestamp: 2025-02-23 08:12:04.371116

Status: FAILED!
Check: 3
Test: Add a multiple-line comment, beginning on Line 2, that includes todayâ€™s date (MM/DD/YYYY)
Reason: Assertion failed: No comments found in the file
Error : AssertionError - No comments found in the file
Timestamp: 2025-02-23 08:12:04.371822
