
Status: FAILED!
Check: 1
Test: Add a h2 element with the text 'Learning HTML' above the paragraph elements in the main element
Reason: Assertion failed: No h2 element found in main
Error : AssertionError - No h2 element found in main
Timestamp: 2025-02-23 11:30:45.757986
