
Status: FAILED!
Check: 1
Test: Change the nested paragraph element to an h1 element in the header element
Reason: Assertion failed: No header element found
Error : AssertionError - No header element found
Timestamp: 2025-02-23 10:06:00.709120
