
Status: FAILED!
Check: 1
Test: Check the title of the webpage
Reason: Assertion failed: 
Error : AssertionError - 
Timestamp: 2025-02-23 18:26:26.442455
