
Status: FAILED!
Check: 1
Test: Add two nonbreaking spaces after Home, Link 1, and Link 2 in the nav element
Reason: Assertion failed: Not enough nonbreaking spaces, 0 found, 6 expected (&nbsp; &nbsp;)
Error : AssertionError - Not enough nonbreaking spaces, 0 found, 6 expected (&nbsp; &nbsp;)
Timestamp: 2025-02-23 16:38:21.112806
