
Status: FAILED!
Check: 1
Test: Title added to the file index.html
Reason: Assertion failed: The title element is empty
Error : AssertionError - The title element is empty
Timestamp: 2025-05-05 23:55:32.232155

Status: PASSED!
Check: 2
Test: "Name" added to comment section of the file index.html
Reason: 'Student Name: firstname lastname' was found in the program output.None
Timestamp: 2025-05-05 23:55:32.232659

Status: PASSED!
Check: 3
Test: "Date" added to comment section of the file index.html
Reason: 'Date: MM/DD/YYYY' was found in the program output.None
Timestamp: 2025-05-05 23:55:32.232954

Status: PASSED!
Check: 4
Test: Student name added to the paragraph element within the footer element
Reason: None
Timestamp: 2025-05-05 23:55:32.234960
