
Status: FAILED!
Check: 1
Test: Paragraph element added to the audio element with the message 'Your browser does not support the audio element.'
Reason: Assertion failed: Could not find three audio elements in the file
Error : AssertionError - Could not find three audio elements in the file
Timestamp: 2025-05-05 23:59:34.632373
