
Status: FAILED!
Check: 1
Test: Audio element added to the file index.html
Reason: Assertion failed: Could not find the audio element below the h3 element
Error : AssertionError - Could not find the audio element below the h3 element
Timestamp: 2025-05-05 23:55:32.249579

Status: FAILED!
Check: 2
Test: Audio element has controls attribute
Reason: Assertion failed: Could not find the audio element below the h3 element
Error : AssertionError - Could not find the audio element below the h3 element
Timestamp: 2025-05-05 23:55:32.251967

Status: FAILED!
Check: 3
Test: Two source elements added to the audio element with the correct audio files
Reason: Assertion failed: Could not find the audio element below the h3 element
Error : AssertionError - Could not find the audio element below the h3 element
Timestamp: 2025-05-05 23:55:32.254152
