
Status: FAILED!
Check: 1
Test: Update the comment with your name, file name, and today's date
Reason: Assertion failed: Name not found in comment (Student Name: Firstname Lastname)
Error : AssertionError - Name not found in comment (Student Name: Firstname Lastname)
Timestamp: 2025-03-31 11:27:58.256829

Status: FAILED!
Check: 1
Test: File name added into the comment
Reason: Assertion failed: File name not found in comment, (File Name: styles.css)
Error : AssertionError - File name not found in comment, (File Name: styles.css)
Timestamp: 2025-03-31 11:27:58.257048

Status: PASSED!
Check: 1
Test: Update the comment with today's date
Reason: None
Timestamp: 2025-03-31 11:27:58.257185
