
Status: FAILED!
Check: 1
Test: Changed the remaining paragraph elements within the `div` with the id **template** to list items `<li></li>`
Reason: Assertion failed: Expected 7 list items within the `div` element but found 0
Error : AssertionError - Expected 7 list items within the `div` element but found 0
Timestamp: 2025-03-18 05:48:53.203957

Status: FAILED!
Check: 2
Test: Wrapped and nested list items within an ordered list `<ol></ol>`
Reason: Assertion failed: No `ol` element found within the `div` element
Error : AssertionError - No `ol` element found within the `div` element
Timestamp: 2025-03-18 05:48:53.205406
