
Status: FAILED!
Check: 2
Test: Update the comment with **the file name**
Reason: Unable to find 'File Name: css.html' in the program.
Error : str - AssertionError
Timestamp: 2025-03-18 05:10:14.985694

Status: FAILED!
Check: 3
Test: Update the comment with **todayâ€™s date** (MM/DD/YYYY)
Reason: Unable to find 'Date: MM/DD/YYYY' in the program.
Error : str - AssertionError
Timestamp: 2025-03-18 05:10:14.985935

Status: FAILED!
Check: 4
Test: Add the same image from *Task 2*
Reason: Assertion failed: No `img` element found
Error : AssertionError - No `img` element found
Timestamp: 2025-03-18 05:10:14.986821

Status: FAILED!
Check: 5
Test: Add the `nav` links from *Task 3*
Reason: Assertion failed: Expected 2 `a` elements within the `nav` element but got 0
Error : AssertionError - Expected 2 `a` elements within the `nav` element but got 0
Timestamp: 2025-03-18 05:10:14.987829

Status: FAILED!
Check: 6
Test: Add **your name** to the paragraph element within the `footer` element
Reason: Unable to find '<p>Student Name: firstname lastname</p>' in the program.
Error : str - AssertionError
Timestamp: 2025-03-18 05:10:14.988403

Status: FAILED!
Check: 1
Test: Update the comment with **your name** (firstname lastname)
Reason: Unable to find 'Student Name: firstname lastname' in the program.
Error : str - AssertionError
Timestamp: 2025-03-18 05:10:14.988600

Status: FAILED!
Check: 6
Test: Add **your name** to the paragraph element within the `footer` element
Reason: Unable to find '<p>Student Name: firstname lastname</p>' in the program.
Error : str - AssertionError
Timestamp: 2025-03-18 05:10:15.005134

Status: FAILED!
Check: 6
Test: Add **your name** to the paragraph element within the `footer` element
Reason: Unable to find '<p>Student Name: firstname lastname</p>' in the program.
Error : str - AssertionError
Timestamp: 2025-03-18 05:10:15.007933
