
Status: FAILED!
Check: 1
Test: Changed the paragraph element with the text, **Header**, to a description definition, `<dd> </dd>`, element
Reason: Assertion failed: Expected 4 dd elements, found 0
Error : AssertionError - Expected 4 dd elements, found 0
Timestamp: 2025-03-16 14:05:54.273645
