
Status: FAILED!
Check: 1
Test: Added a relative link to the text, **Home**, that links to *index.html*
Reason: Assertion failed: No `nav` element found
Error : AssertionError - No `nav` element found
Timestamp: 2025-03-18 06:58:06.499697

Status: FAILED!
Check: 2
Test: Added a relative link to the text, **Learn HTML**, that links to *html.html*
Reason: Assertion failed: No `nav` element found
Error : AssertionError - No `nav` element found
Timestamp: 2025-03-18 06:58:06.501245

Status: FAILED!
Check: 3
Test: Added a relative link to the text, **Learn CSS**, that links to *css.html*
Reason: Assertion failed: No `nav` element found
Error : AssertionError - No `nav` element found
Timestamp: 2025-03-18 06:58:06.502796

Status: FAILED!
Check: 4
Test: Added a relative link to the text, **Learn JavaScript**, that links to *js.html*
Reason: Assertion failed: No `nav` element found
Error : AssertionError - No `nav` element found
Timestamp: 2025-03-18 06:58:06.504181
