
Status: FAILED!
Check: 1
Test: Wrapped and nested the description term elements and description definition elements within the `div` with the id **semantic** with a description list element, `<dl> </dl>`
Reason: Assertion failed: No `dl` element found within the `div` element
Error : AssertionError - No `dl` element found within the `div` element
Timestamp: 2025-03-18 06:59:56.053637

Status: FAILED!
Check: 2
Test: Did not wrap the last paragraph element with the text, **Visit W3Schools.com to learn more about HTML semantic elements.** within the `<dl>` element
Reason: Assertion failed: No `dl` element found within the `div` element
Error : AssertionError - No `dl` element found within the `div` element
Timestamp: 2025-03-18 06:59:56.055333
