
Status: PASSED!
Check: 1
Test: Added a `div` element with an `id` attribute value of **template**
Reason: None
Timestamp: 2025-03-16 13:01:11.261188

Status: FAILED!
Check: 2
Test: Closed the `div` after the paragraph element with the content
Reason: Assertion failed: Too little paragraphs found within the `div` element
Error : AssertionError - Too little paragraphs found within the `div` element
Timestamp: 2025-03-16 13:01:11.262686
