
Status: FAILED!
Check: 2
Test: Update the comment with **the file name**
Reason: Unable to find 'File Name: index.html' in the program.
Error : str - AssertionError
Timestamp: 2025-03-16 12:20:13.957441

Status: PASSED!
Check: 3
Test: Update the comment with **todayâ€™s date** (MM/DD/YYYY)
Reason: 'Date: MM/DD/YYYY' was found in the program output.None
Timestamp: 2025-03-16 12:20:13.957914

Status: PASSED!
Check: 4
Test: Add **your name** to the paragraph element within the `footer` element
Reason: 'Student Name: firstname lastname' was found in the program output.None
Timestamp: 2025-03-16 12:20:13.958457

Status: PASSED!
Check: 1
Test: Update the comment with **your name** (firstname lastname)
Reason: 'Student Name: firstname lastname' was found in the program output.None
Timestamp: 2025-03-16 12:20:13.958562
