
Status: FAILED!
Check: 1
Test: Changed the paragraph element with the text, **Header**, to a description term, `<dt> </dt>`, element
Reason: Assertion failed: No `dt` element found with the text 'Header'
Error : AssertionError - No `dt` element found with the text 'Header'
Timestamp: 2025-03-16 13:15:06.889210

Status: FAILED!
Check: 2
Test: Changed the paragraph element with the text, **Nav**, to a description term, `<dt> </dt>`, element
Reason: Assertion failed: No `dt` element found with the text 'Nav'
Error : AssertionError - No `dt` element found with the text 'Nav'
Timestamp: 2025-03-16 13:15:06.890702

Status: FAILED!
Check: 3
Test: Changed the paragraph element with the text, **Main**, to a description term, `<dt> </dt>`, element
Reason: Assertion failed: No `dt` element found with the text 'Main'
Error : AssertionError - No `dt` element found with the text 'Main'
Timestamp: 2025-03-16 13:15:06.892081

Status: FAILED!
Check: 4
Test: Changed the paragraph element with the text, **Footer**, to a description term, `<dt> </dt>`, element
Reason: Assertion failed: No `dt` element found with the text 'Footer'
Error : AssertionError - No `dt` element found with the text 'Footer'
Timestamp: 2025-03-16 13:15:06.893546
