
Status: FAILED!
Check: 1
Test: Changed the first paragraph element within the `div` with the **template** `id` to an **h3** element
Reason: Assertion failed: No `div` element found with an `id` attribute value of 'template'
Error : AssertionError - No `div` element found with an `id` attribute value of 'template'
Timestamp: 2025-03-16 13:35:31.073070
