
Status: FAILED!
Check: 2
Test: Update the comment with **the file name**
Reason: Unable to find 'File Name: html.html' in the program.
Error : str - AssertionError
Timestamp: 2025-03-17 11:21:30.809289

Status: FAILED!
Check: 3
Test: Update the comment with **todayâ€™s date** (MM/DD/YYYY)
Reason: Unable to find 'Date: MM/DD/YYYY' in the program.
Error : str - AssertionError
Timestamp: 2025-03-17 11:21:30.809517

Status: FAILED!
Check: 4
Test: Add the same image from *Task 2*
Reason: Assertion failed: No `img` element found
Error : AssertionError - No `img` element found
Timestamp: 2025-03-17 11:21:30.863955

Status: FAILED!
Check: 5
Test: Add the `nav` links from *Task 3*
Reason: Assertion failed: Expected 2 `a` elements within the `nav` element but got 0
Error : AssertionError - Expected 2 `a` elements within the `nav` element but got 0
Timestamp: 2025-03-17 11:21:30.865077

Status: FAILED!
Check: 1
Test: Update the comment with **your name** (firstname lastname)
Reason: Unable to find 'Student Name: firstname lastname' in the program.
Error : str - AssertionError
Timestamp: 2025-03-17 11:21:30.865466
