
Status: FAILED!
Check: 1
Test: Changed the first paragraph element within the `div` with the **semantic** `id` to an **h3** element
Reason: Assertion failed: No `h3` element found within the `div` element
Error : AssertionError - No `h3` element found within the `div` element
Timestamp: 2025-03-18 05:33:39.531676
