
Status: PASSED!
Check: 1
Test: "Name" added to comment section of the file index.html
Reason: 'Student Name: firstname lastname' was found in the program output.None
Timestamp: 2025-05-06 06:01:22.548989

Status: PASSED!
Check: 2
Test: "Date" added to comment section of the file index.html
Reason: 'Date: MM/DD/YYYY' was found in the program output.None
Timestamp: 2025-05-06 06:01:22.549228

Status: FAILED!
Check: 3
Test: Title added to the page
Reason: Assertion failed: Add a title to the title element
Error : AssertionError - Add a title to the title element
Timestamp: 2025-05-06 06:01:22.550473

Status: PASSED!
Check: 4
Test: Student name added to the paragraph element within the footer element
Reason: None
Timestamp: 2025-05-06 06:01:22.551753

Status: PASSED!
Check: 5
Test: File linked to styles.css
Reason: None
Timestamp: 2025-05-06 06:01:22.553023
