
Status: FAILED!
Check: 1
Test: The first img element should have an onclick event handler that calls the pic1() function.
Reason: Assertion failed: Could not find the onclick attribute in the first img element.
Error : AssertionError - Could not find the onclick attribute in the first img element.
Timestamp: 2025-05-06 06:40:21.472384

Status: FAILED!
Check: 2
Test: The second img element should have an onclick event handler that calls the pic2() function.
Reason: Assertion failed: Could not find the onclick attribute in the second img element.
Error : AssertionError - Could not find the onclick attribute in the second img element.
Timestamp: 2025-05-06 06:40:21.474141

Status: FAILED!
Check: 3
Test: The third img element should have an onclick event handler that calls the pic3() function.
Reason: Assertion failed: Could not find the onclick attribute in the third img element.
Error : AssertionError - Could not find the onclick attribute in the third img element.
Timestamp: 2025-05-06 06:40:21.476060
