
Status: FAILED!
Check: 1
Test: Enter your name Firstname Lastname into the `Author:` field of index.html file. (e.g. Author: Firstname Lastname)
Reason: Unable to find 'Author: Firstname Lastname' in the program.
Error : str - AssertionError
Timestamp: 2025-04-15 02:49:06.255383

Status: FAILED!
Check: 2
Test: Enter the file name into the `File Name:` field of index.html file. (e.g. File Name: index.html)
Reason: Unable to find 'File Name: index.html' in the program.
Error : str - AssertionError
Timestamp: 2025-04-15 02:49:06.255974

Status: FAILED!
Check: 3
Test: Enter today's date MM/DD/YYYY into the `Date:` field of index.html file. (e.g. Date: MM/DD/YYYY)
Reason: Unable to find 'Date: MM/DD/YYYY' in the program.
Error : str - AssertionError
Timestamp: 2025-04-15 02:49:06.256417
