
Status: FAILED!
Check: 1
Test: The hide button hides the content nested inside the article
Reason: Assertion failed: Expected the paragraph elements within the article elements to be hidden
Error : AssertionError - Expected the paragraph elements within the article elements to be hidden
Timestamp: 2025-05-06 04:58:01.882593
