
Status: FAILED!
Check: 1
Test: Create a function named `remove` that hides the paragraph elements within the article elements
Reason: Assertion failed: Expected to find a function named `remove` that hides the paragraph elements within the article elements
Error : AssertionError - Expected to find a function named `remove` that hides the paragraph elements within the article elements
Timestamp: 2025-05-06 04:57:52.771750

Status: FAILED!
Check: 2
Test: Create a function named `display` that shows the paragraph elements within the article elements
Reason: Assertion failed: Expected to find a function named `display` that shows the paragraph elements within the article elements
Error : AssertionError - Expected to find a function named `display` that shows the paragraph elements within the article elements
Timestamp: 2025-05-06 04:57:52.772065
