
Status: FAILED!
Check: 1
Test: There are 12 figure elements below the aside element.
Reason: Assertion failed: There are not 12 figure elements below the aside element in main.
Error : AssertionError - There are not 12 figure elements below the aside element in main.
Timestamp: 2025-04-30 01:45:26.445861

Status: FAILED!
Check: 2
Test: Each figure element has a comment noting the figure element number.
Reason: Assertion failed: Each figure element does not have a comment noting the figure element number. (<figure> <!-- Figure Element # --> ...rest of content </figure>)
Error : AssertionError - Each figure element does not have a comment noting the figure element number. (<figure> <!-- Figure Element # --> ...rest of content </figure>)
Timestamp: 2025-04-30 01:45:26.446260
