
Status: PASSED!
Check: 1
Test: The file named gallery.html exists.
Reason: None
Timestamp: 2025-04-30 01:45:03.794424

Status: FAILED!
Check: 2
Test: The file named gallery.html contains the current date in the format MM/DD/YYYY.
Reason: Unable to find 'Today's Date: MM/DD/YYYY' in the program.
Error : str - AssertionError
Timestamp: 2025-04-30 01:45:03.794766
