
Status: FAILED!
Check: 1
Test: The sixth figure element contains an img element with the baby-pig image.
Reason: Assertion failed: There are not at least 12 figure elements in main.
Error : AssertionError - There are not at least 12 figure elements in main.
Timestamp: 2025-04-30 01:42:20.610245

Status: FAILED!
Check: 2
Test: The sixth figure element contains a figcaption element with the text 'Squirt is one of Rosieâ€™s babies.'.
Reason: Assertion failed: There are not at least 12 figure elements in main.
Error : AssertionError - There are not at least 12 figure elements in main.
Timestamp: 2025-04-30 01:42:20.611589

Status: FAILED!
Check: 3
Test: The seventh figure element contains an img element with the horse image.
Reason: Assertion failed: There are not at least 12 figure elements in main.
Error : AssertionError - There are not at least 12 figure elements in main.
Timestamp: 2025-04-30 01:42:20.612857

Status: FAILED!
Check: 4
Test: The seventh figure element contains a figcaption element with the text 'Muffin has come a long way. She was very thin when she was rescued.'.
Reason: Assertion failed: There are not at least 12 figure elements in main.
Error : AssertionError - There are not at least 12 figure elements in main.
Timestamp: 2025-04-30 01:42:20.614292

Status: FAILED!
Check: 5
Test: The eighth figure element contains an img element with the hawk image.
Reason: Assertion failed: There are not at least 12 figure elements in main.
Error : AssertionError - There are not at least 12 figure elements in main.
Timestamp: 2025-04-30 01:42:20.615554

Status: FAILED!
Check: 6
Test: The eighth figure element contains a figcaption element with the text 'Poor Harley was rescued when he was just three weeks old. He is getting big and will be released in about a month.'.
Reason: Assertion failed: There are not at least 12 figure elements in main.
Error : AssertionError - There are not at least 12 figure elements in main.
Timestamp: 2025-04-30 01:42:20.616965
