
Status: FAILED!
Check: 1
Test: Update the nav element to use an unordered list
Reason: Assertion failed: Nav element does not contain a ul element
Error : AssertionError - Nav element does not contain a ul element
Timestamp: 2025-03-31 09:23:49.002694

Status: FAILED!
Check: 2
Test: Wrap each anchor within a list item
Reason: Assertion failed: Nav element does not contain a ul element
Error : AssertionError - Nav element does not contain a ul element
Timestamp: 2025-03-31 09:23:49.004065
