
Status: FAILED!
Check: 1
Test: Add a declaration for the `position` property with a value of relative
Reason: Assertion failed: The `position` property does not have a value of relative.
Error : AssertionError - The `position` property does not have a value of relative.
Timestamp: 2025-04-30 09:53:42.756273

Status: FAILED!
Check: 2
Test: Add a declaration for the `top` property and specify a value of 90px
Reason: Assertion failed: The `top` property does not have a value of 90px.
Error : AssertionError - The `top` property does not have a value of 90px.
Timestamp: 2025-04-30 09:53:42.801110

Status: FAILED!
Check: 3
Test: Add a declaration for the `left` property with a value of 30px
Reason: Assertion failed: The `left` property does not have a value of 30px.
Error : AssertionError - The `left` property does not have a value of 30px.
Timestamp: 2025-04-30 09:53:42.813435
