
Status: FAILED!
Check: 1
Test: Update filename in multiline comment for contact.html.
Reason: Unable to find 'File Name: contact.html' in the program.
Error : str - AssertionError
Timestamp: 2025-03-18 01:10:51.711410

Status: PASSED!
Check: 2
Test: Update date in multiline comment for contact.html.
Reason: 'Date: MM/DD/YYYY' was found in the program output.None
Timestamp: 2025-03-18 01:10:51.711614

Status: FAILED!
Check: 3
Test: Update the text in the title element to Contact.
Reason: Assertion failed: Title element should have text of 'Wild Rescues: Contact'.
Error : AssertionError - Title element should have text of 'Wild Rescues: Contact'.
Timestamp: 2025-03-18 01:10:51.712715
