
Status: FAILED!
Check: 1
Test: Add an image element to insert the baby-raccoons.jpg picture.
Reason: Assertion failed: Can't find the image element below the h2 element.
Error : AssertionError - Can't find the image element below the h2 element.
Timestamp: 2025-03-18 02:51:34.530710

Status: FAILED!
Check: 2
Test: Add the alt text, hands holding three baby raccoons, to the image element.
Reason: Assertion failed: Can't find the image element below the h2 element.
Error : AssertionError - Can't find the image element below the h2 element.
Timestamp: 2025-03-18 02:51:34.532829

Status: FAILED!
Check: 3
Test: Add the height attribute of 330px to the image element.
Reason: Assertion failed: Can't find the image element below the h2 element.
Error : AssertionError - Can't find the image element below the h2 element.
Timestamp: 2025-03-18 02:51:34.534714

Status: FAILED!
Check: 4
Test: Add the width attribute of 500px to the image element.
Reason: Assertion failed: Can't find the image element below the h2 element.
Error : AssertionError - Can't find the image element below the h2 element.
Timestamp: 2025-03-18 02:51:34.536800
