
Status: FAILED!
Check: 1
Test: Nest an empty div element within the main element.
Reason: Assertion failed: Can't find the empty div element within the main element.
Error : AssertionError - Can't find the empty div element within the main element.
Timestamp: 2025-03-18 01:58:38.939887
