
Status: FAILED!
Check: 1
Test: Wrap the three paragraph elements within a div element with an id attribute value of welcome.
Reason: Assertion failed: Can't find the div element with an id attribute value of welcome.
Error : AssertionError - Can't find the div element with an id attribute value of welcome.
Timestamp: 2025-03-17 11:42:46.978661

Status: FAILED!
Check: 2
Test: Wrap the three paragraph elements within a div element with an id attribute value of welcome.
Reason: Assertion failed: Can't find the div element with an id attribute value of welcome.
Error : AssertionError - Can't find the div element with an id attribute value of welcome.
Timestamp: 2025-03-17 11:42:46.979781
