
Status: FAILED!
Check: 1
Test: Insert a new div element with an id attribute value of latest.
Reason: Assertion failed: Can't find the div element with an id attribute value of latest.
Error : AssertionError - Can't find the div element with an id attribute value of latest.
Timestamp: 2025-03-17 11:40:49.945406
