
Status: FAILED!
Check: 1
Test: Move the images provided in the resources folder to the images folder inside the rescue directory.
Reason: Assertion failed: Can't find the images folder inside the rescue directory.
Error : AssertionError - Can't find the images folder inside the rescue directory.
Timestamp: 2025-03-18 00:29:18.013101
