
Status: PASSED!
Check: 1
Test: Add an id attribute with a value of info to the div element within the main element.
Reason: None
Timestamp: 2025-03-18 00:25:04.507207

Status: PASSED!
Check: 2
Test: Add an h2 element with the text content, About Us, to the div element.
Reason: None
Timestamp: 2025-03-18 00:25:04.508816

Status: PASSED!
Check: 3
Test: Add a paragraph element with the specified text content to the div element.
Reason: None
Timestamp: 2025-03-18 00:25:04.510325

Status: FAILED!
Check: 4
Test: Add a paragraph element with the specified text content to the div element and link the text content to https://www.nwrawildlife.org/.
Reason: Assertion failed: Can't find the p element with Wild Rescues is a member of the National Wildlife Rehabilitators Association.', as text.
Error : AssertionError - Can't find the p element with Wild Rescues is a member of the National Wildlife Rehabilitators Association.', as text.
Timestamp: 2025-03-18 00:25:04.511937

Status: FAILED!
Check: 5
Test: Add an image element to the div element with the specified attributes.
Reason: Assertion failed: Can't find the image element with an alt attribute of 'tortoise eating vegetation'.
Error : AssertionError - Can't find the image element with an alt attribute of 'tortoise eating vegetation'.
Timestamp: 2025-03-18 00:25:04.513589

Status: FAILED!
Check: 6
Test: Add an h3 element with the text content, We help many animals, such as:, to the div element.
Reason: Assertion failed: Can't find the h3 element with text of 'We help many animals, such as:'.
Error : AssertionError - Can't find the h3 element with text of 'We help many animals, such as:'.
Timestamp: 2025-03-18 00:25:04.515245

Status: FAILED!
Check: 7
Test: Add an unordered list with the specified list items to the div element.
Reason: Assertion failed: Can't find the ul element.
Error : AssertionError - Can't find the ul element.
Timestamp: 2025-03-18 00:25:04.516790
