
Status: FAILED!
Check: 1
Test: The form contains a submit button with a class attribute value of 'btn'
Reason: Assertion failed: No button element found in the form element
Error : AssertionError - No button element found in the form element
Timestamp: 2025-04-30 03:53:48.525645
