
Status: PASSED!
Check: 1
Test: "Name" added to comment section of the file index.html
Reason: 'Student Name: firstname lastname' was found in the program output.None
Timestamp: 2025-04-30 03:04:45.751043

Status: PASSED!
Check: 2
Test: "Date" added to comment section of the file index.html
Reason: 'Date: MM/DD/YYYY' was found in the program output.None
Timestamp: 2025-04-30 03:04:45.751291

Status: FAILED!
Check: 3
Test: The link tag in the index.html file links to styles.css
Reason: Assertion failed: The link tag in the index.html file does not link to css/styles.css
Error : AssertionError - The link tag in the index.html file does not link to css/styles.css
Timestamp: 2025-04-30 03:04:45.752730

Status: FAILED!
Check: 4
Test: "Name" added to comment section of the file styles.css
Reason: Unable to find 'Author: firstname lastname' in the program.
Error : str - AssertionError
Timestamp: 2025-04-30 03:04:45.753052

Status: FAILED!
Check: 5
Test: "Date" added to comment section of the file styles.css
Reason: Unable to find 'Date: DD/MM/YYYY' in the program.
Error : str - AssertionError
Timestamp: 2025-04-30 03:04:45.753229
