
Status: FAILED!
Check: 1
Test: "Name" added to comment section of the file styles.css
Reason: Unable to find 'Student Name: firstname lastname' in the program.
Error : str - AssertionError
Timestamp: 2025-05-06 04:23:59.816837

Status: FAILED!
Check: 2
Test: "Filename" added to comment section of the file styles.css
Reason: Unable to find 'File Name: styles.css' in the program.
Error : str - AssertionError
Timestamp: 2025-05-06 04:23:59.817161

Status: FAILED!
Check: 3
Test: "Date" added to comment section of the file styles.css
Reason: Unable to find 'Date: MM/DD/YYYY' in the program.
Error : str - AssertionError
Timestamp: 2025-05-06 04:23:59.817352
