
Status: PASSED!
Check: 1
Test: "Name" added to comment section of the file index.html
Reason: 'Student Name: firstname lastname' was found in the program output.None
Timestamp: 2025-05-06 04:23:54.288246

Status: PASSED!
Check: 2
Test: "Filename" added to comment section of the file index.html
Reason: 'File Name: index.html' was found in the program output.None
Timestamp: 2025-05-06 04:23:54.288563

Status: PASSED!
Check: 3
Test: "Date" added to comment section of the file index.html
Reason: 'Date: MM/DD/YYYY' was found in the program output.None
Timestamp: 2025-05-06 04:23:54.288829

Status: FAILED!
Check: 4
Test: Student name added to the paragraph element within the footer element
Reason: Assertion failed: Could not find the student name in the paragraph element (Student's name: firstname lastname)
Error : AssertionError - Could not find the student name in the paragraph element (Student's name: firstname lastname)
Timestamp: 2025-05-06 04:23:54.290578
