
Status: FAILED!
Check: 1
Test: Script element added to the index.html file with script.js as the src
Reason: Assertion failed: Could not find the script element in the file
Error : AssertionError - Could not find the script element in the file
Timestamp: 2025-05-06 04:33:35.164825
