
Status: FAILED!
Check: 1
Test: Add the class attribute `col-content` to the three `div` elements nested within the `main` element.
Reason: Assertion failed: The `col-content` class attribute was not found in one or more of the `div` elements nested within the `main` element.
Error : AssertionError - The `col-content` class attribute was not found in one or more of the `div` elements nested within the `main` element.
Timestamp: 2025-04-29 07:06:22.746133
