
Status: FAILED!
Check: 1
Test: Add the following text to the `title` element: **Wild Rescues**
Reason: Assertion failed: '' != 'Wild Rescues'
+ Wild Rescues

Error : AssertionError - '' != 'Wild Rescues'
+ Wild Rescues

Timestamp: 2025-02-06 12:42:14.954537
