
Status: FAILED!
Check: 1
Test: Add the comment above the main element
Reason: Assertion failed: No comment found above the main element
Error : AssertionError - No comment found above the main element
Timestamp: 2025-02-23 21:36:45.120702
