
Status: FAILED!
Check: 1
Test: Nest the paragraph element within the nav element
Reason: Assertion failed: No nav element found in the file
Error : AssertionError - No nav element found in the file
Timestamp: 2025-02-23 21:42:41.159863

Status: FAILED!
Check: 2
Test: Add the content: Home &nbsp; &#9672; &nbsp; to the paragraph element within the nav element
Reason: Assertion failed: No nav element found in the file
Error : AssertionError - No nav element found in the file
Timestamp: 2025-02-23 21:42:41.160253

Status: FAILED!
Check: 3
Test: Add the content: About Us &nbsp; &#9672; &nbsp; to the paragraph element within the nav element
Reason: Assertion failed: No nav element found in the file
Error : AssertionError - No nav element found in the file
Timestamp: 2025-02-23 21:42:41.160643

Status: FAILED!
Check: 4
Test: Add the content: Partnership &nbsp; &#9672; &nbsp; to the paragraph element within the nav element
Reason: Assertion failed: No nav element found in the file
Error : AssertionError - No nav element found in the file
Timestamp: 2025-02-23 21:42:41.161019

Status: FAILED!
Check: 5
Test: Add the content: Gallery &nbsp; &#9672; &nbsp; to the paragraph element within the nav element
Reason: Assertion failed: No nav element found in the file
Error : AssertionError - No nav element found in the file
Timestamp: 2025-02-23 21:42:41.161575

Status: FAILED!
Check: 6
Test: Add the content: FAQs &nbsp; &#9672; &nbsp; to the paragraph element within the nav element
Reason: Assertion failed: No nav element found in the file
Error : AssertionError - No nav element found in the file
Timestamp: 2025-02-23 21:42:41.162013

Status: FAILED!
Check: 7
Test: Add the content: Contact to the paragraph element within the nav element
Reason: Assertion failed: No nav element found in the file
Error : AssertionError - No nav element found in the file
Timestamp: 2025-02-23 21:42:41.162540
