
Status: FAILED!
Check: 1
Test: Add a multiple-line comment, beginning on Line 2, that includes your name (firstname lastname)
Reason: Assertion failed: No comments found in the file
Error : AssertionError - No comments found in the file
Timestamp: 2025-02-23 21:36:45.110014

Status: FAILED!
Check: 2
Test: Add a multiple-line comment, beginning on Line 2, that includes file name
Reason: Assertion failed: No comments found in the file
Error : AssertionError - No comments found in the file
Timestamp: 2025-02-23 21:36:45.110621

Status: FAILED!
Check: 3
Test: Add a multiple-line comment, beginning on Line 2, that includes todayâ€™s date (MM/DD/YYYY)
Reason: Assertion failed: No comments found in the file
Error : AssertionError - No comments found in the file
Timestamp: 2025-02-23 21:36:45.111142
