
Status: FAILED!
Check: 1
Test: Nest an h1 element with the content: **&#128062; Wild Rescues** within the header element
Reason: Assertion failed: No header element found in the file
Error : AssertionError - No header element found in the file
Timestamp: 2025-02-23 21:41:41.473319

Status: FAILED!
Check: 2
Test: Add an h3 element with the content: **Rescue. Rehabilitate. Release.** within the header element
Reason: Assertion failed: No header element found in the file
Error : AssertionError - No header element found in the file
Timestamp: 2025-02-23 21:41:41.473739
