
Status: FAILED!
Check: 1
Test: Update the file name within the comment to index.html
Reason: Assertion failed: No comment found in the file
Error : AssertionError - No comment found in the file
Timestamp: 2025-02-23 21:41:41.468789

Status: FAILED!
Check: 2
Test: Replace the word, Template, with Home in the title element
Reason: Assertion failed: No title element found in the file
Error : AssertionError - No title element found in the file
Timestamp: 2025-02-23 21:41:41.469017
