
Status: FAILED!
Check: 1
Test: Nest the paragraph elements within the main element
Reason: Assertion failed: No main element found in the file
Error : AssertionError - No main element found in the file
Timestamp: 2025-02-23 22:06:10.271270
