
Status: PASSED!
Check: 1
Test: Update the comment with **your name** (firstname lastname)
Reason: 'Author: firstname lastname' was found in the program output.None
Timestamp: 2025-04-29 04:36:49.581499

Status: PASSED!
Check: 2
Test: Update the comment with todays date (MM/DD/YYYY)
Reason: 'Date: MM/DD/YYYY' was found in the program output.None
Timestamp: 2025-04-29 04:36:49.581627

Status: FAILED!
Check: 3
Test: Update the comment with the **file name**
Reason: Unable to find 'File Name: styles.css' in the program.
Error : str - AssertionError
Timestamp: 2025-04-29 04:36:49.581808

Status: FAILED!
Check: 4
Test: Link index.html to the styles.css file
Reason: Assertion failed: Link element not found
Error : AssertionError - Link element not found
Timestamp: 2025-04-29 04:36:49.582031
