
Status: FAILED!
Check: 1
Test: Table head row 1 is set correctly
Reason: Assertion failed: `th` element count incorrect in first row, found: 4, expected: 2 (Hint: Use colspan & rowspan attributes)
Error : AssertionError - `th` element count incorrect in first row, found: 4, expected: 2 (Hint: Use colspan & rowspan attributes)
Timestamp: 2025-04-30 07:30:29.502921

Status: FAILED!
Check: 2
Test: Table head row 2 is set correctly
Reason: Assertion failed: th element count incorrect in second row, found: 0, expected: 3
Error : AssertionError - th element count incorrect in second row, found: 0, expected: 3
Timestamp: 2025-04-30 07:30:29.504340

Status: PASSED!
Check: 3
Test: Table body rows are set correctly
Reason: None
Timestamp: 2025-04-30 07:30:29.505764
