
Status: FAILED!
Check: 1
Test: Wrap the remaining text content within an unordered list with seven list items.
Reason: Assertion failed: 
Error : AssertionError - 
Timestamp: 2025-03-18 03:55:09.167952
