
Status: PASSED!
Check: 1
Test: Wrap the text content, **Web Design Resources**, within an `h2`  element.
Reason: None
Timestamp: 2025-03-18 03:55:09.167066

Status: FAILED!
Check: 2
Test: Insert a blank line below `h2` tag.
Reason: Assertion failed: No blank line found after the starting `h2` tag.
Error : AssertionError - No blank line found after the starting `h2` tag.
Timestamp: 2025-03-18 03:55:09.167227
