
Status: FAILED!
Check: 1
Test: Track element added to the video element
Reason: Assertion failed: Could not find the track element within the video element
Error : AssertionError - Could not find the track element within the video element
Timestamp: 2025-05-06 00:27:02.659547

Status: FAILED!
Check: 2
Test: Descriptive text added to the descriptions file
Reason: Assertion failed: The descriptions file does not contain enough lines of text
Error : AssertionError - The descriptions file does not contain enough lines of text
Timestamp: 2025-05-06 00:27:02.659789
