
Status: FAILED!
Check: 1
Test: "Name" added to comment section of the file index.html
Reason: Unable to find 'Student Name: firstname lastname' in the program.
Error : str - AssertionError
Timestamp: 2025-05-06 00:25:13.064916

Status: FAILED!
Check: 2
Test: "Date" added to comment section of the file index.html
Reason: Unable to find 'Date: MM/DD/YYYY' in the program.
Error : str - AssertionError
Timestamp: 2025-05-06 00:25:13.065345

Status: FAILED!
Check: 3
Test: Student name added to the paragraph element within the footer element
Reason: Assertion failed: Could not find the student name in the paragraph element (Created by: firstname lastname)
Error : AssertionError - Could not find the student name in the paragraph element (Created by: firstname lastname)
Timestamp: 2025-05-06 00:25:13.066751
