
Status: PASSED!
Check: 1
Test: add a new style rule for the `btn` class
Reason: None
Timestamp: 2025-04-15 05:35:34.428445

Status: FAILED!
Check: 2
Test: specifies a background-color value of #375f1b
Reason: Assertion failed: Expected background-color to be #375f1b
Error : AssertionError - Expected background-color to be #375f1b
Timestamp: 2025-04-15 05:35:34.442421

Status: FAILED!
Check: 3
Test: specifies a padding value of 2%
Reason: Assertion failed: Expected padding to be 2%
Error : AssertionError - Expected padding to be 2%
Timestamp: 2025-04-15 05:35:34.484332

Status: FAILED!
Check: 4
Test: specifies top and bottom margin values of 2%
Reason: Assertion failed: Expected margin to be 2%
Error : AssertionError - Expected margin to be 2%
Timestamp: 2025-04-15 05:35:34.500805

Status: FAILED!
Check: 5
Test: specifies left and right margin values of auto
Reason: Assertion failed: Expected margin to be auto
Error : AssertionError - Expected margin to be auto
Timestamp: 2025-04-15 05:35:34.510586

Status: FAILED!
Check: 6
Test: specifies a width value of 80%
Reason: Assertion failed: Expected width to be 80%
Error : AssertionError - Expected width to be 80%
Timestamp: 2025-04-15 05:35:34.522082

Status: FAILED!
Check: 7
Test: specifies text alignment of center
Reason: Assertion failed: Expected text-align to be center but got start
Error : AssertionError - Expected text-align to be center but got start
Timestamp: 2025-04-15 05:35:34.533429

Status: FAILED!
Check: 8
Test: specifies a border radius of 5px
Reason: Assertion failed: Expected border-radius to be 5px but got 0px
Error : AssertionError - Expected border-radius to be 5px but got 0px
Timestamp: 2025-04-15 05:35:34.545207
