
Status: PASSED!
Check: 1
Test: Check if the css folder has been created
Reason: None
Timestamp: 2025-03-31 17:47:11.497001

Status: PASSED!
Check: 2
Test: Check if the styles.css file has been created
Reason: None
Timestamp: 2025-03-31 17:47:11.497113

Status: PASSED!
Check: 3
Test: Check if the link to the styles.css file has been added to the index.html file
Reason: None
Timestamp: 2025-03-31 17:47:11.498461

Status: PASSED!
Check: 4
Test: Check if the link to the styles.css file has been added to the about.html file
Reason: None
Timestamp: 2025-03-31 17:47:11.500030

Status: PASSED!
Check: 5
Test: Check if the link to the styles.css file has been added to the contact.html file
Reason: None
Timestamp: 2025-03-31 17:47:11.501215

Status: FAILED!
Check: 6
Test: Check if the link to the styles.css file has been added to the template.html file
Reason: Assertion failed: Link to styles.css file not found in the template.html file
Error : AssertionError - Link to styles.css file not found in the template.html file
Timestamp: 2025-03-31 17:47:11.502314
