
Status: FAILED!
Check: 1
Test: Fix the issue with the thematic break.
Reason: Assertion failed: 
Error : AssertionError - 
Timestamp: 2025-02-06 12:01:44.079229
