
Status: PASSED!
Check: 1
Test: Fix the errors with the `head` tag.
Reason: None
Timestamp: 2025-02-06 12:05:31.423227

Status: FAILED!
Check: 2
Test: Fix the errors with the `head` tag.
Reason: Assertion failed: 
Error : AssertionError - 
Timestamp: 2025-02-06 12:05:31.423407
