
Status: FAILED!
Check: 1
Test: Fix the issue with`DOCTYPE` tag.
Reason: Assertion failed: 
Error : AssertionError - 
Timestamp: 2025-02-06 12:12:32.414792
