
Status: FAILED!
Check: 1
Test: Nest each sentence inside the `body` element in a paragraph element.
Reason: Assertion failed: False is not true : Expected at least 5 paragraph elements in the body tag, found 4
Error : AssertionError - False is not true : Expected at least 5 paragraph elements in the body tag, found 4
Timestamp: 2025-02-06 12:05:31.427129
