
Status: PASSED!
Check: 1
Test: Create a new webpage faqs.html using template.html
Reason: None
Timestamp: 2025-05-12 22:44:16.566175

Status: PASSED!
Check: 2
Test: "Name" added to comment section of the file rescue/faqs.html
Reason: 'Student Name: firstname lastname' was found in the program output.None
Timestamp: 2025-05-12 22:44:16.566355

Status: FAILED!
Check: 3
Test: "Filename" added to comment section of the file rescue/faqs.html
Reason: Unable to find 'File Name: faqs.html' in the program.
Error : str - AssertionError
Timestamp: 2025-05-12 22:44:16.566642

Status: PASSED!
Check: 4
Test: "Date" added to comment section of the file rescue/faqs.html
Reason: 'Date: MM/DD/YYYY' was found in the program output.None
Timestamp: 2025-05-12 22:44:16.566806

Status: PASSED!
Check: 5
Test: Update the title in faqs.html to display Wild Rescues: FAQs
Reason: None
Timestamp: 2025-05-12 22:44:16.569123
