
Status: FAILED!
Check: 1
Test: Add a thematic break.
Reason: Assertion failed: 0 != 1
Error : AssertionError - 0 != 1
Timestamp: 2025-02-06 11:14:47.277690
