
Status: FAILED!
Check: 1
Test: Add a paragraph element with your name and today's date.
Reason: Assertion failed: False is not true : Unable to find name and date in a paragraph element in the body.
Error : AssertionError - False is not true : Unable to find name and date in a paragraph element in the body.
Timestamp: 2025-02-06 11:14:47.277117
