
Status: FAILED!
Check: 1
Test: Add a paragraph about planning a website and a summary of chapter 1.
Reason: Assertion failed: False is not true : There are not enough paragraph elements, expected at least 4 found 0
Error : AssertionError - False is not true : There are not enough paragraph elements, expected at least 4 found 0
Timestamp: 2025-02-06 11:14:47.278115
