
Status: FAILED!
Check: 1
Test: Add a paragraph element to the `body` and set the text.
Reason: Assertion failed: False is not true : Unable to find Chapter 1, Apply Your Knowledge in a paragraph element in the body.
Error : AssertionError - False is not true : Unable to find Chapter 1, Apply Your Knowledge in a paragraph element in the body.
Timestamp: 2025-02-06 11:10:39.201242
