
Status: FAILED!
Check: 1
Test: `table` collapsed border and padding set to 2%
Reason: Assertion failed: The table element does not have a border-collapse of collapse
Error : AssertionError - The table element does not have a border-collapse of collapse
Timestamp: 2025-04-29 04:20:34.669382

Status: FAILED!
Check: 2
Test: `tr` collapsed border and padding set to 2%
Reason: Assertion failed: The tr element does not have a border-collapse of collapse
Error : AssertionError - The tr element does not have a border-collapse of collapse
Timestamp: 2025-04-29 04:20:34.684199

Status: FAILED!
Check: 3
Test: `th` collapsed border and padding set to 2%
Reason: Assertion failed: The th element does not have a border-collapse of collapse
Error : AssertionError - The th element does not have a border-collapse of collapse
Timestamp: 2025-04-29 04:20:34.699485

Status: FAILED!
Check: 4
Test: `td` collapsed border and padding set to 2%
Reason: Assertion failed: The td element does not have a border-collapse of collapse
Error : AssertionError - The td element does not have a border-collapse of collapse
Timestamp: 2025-04-29 04:20:34.714331
