
Status: FAILED!
Check: 1
Test: In the *index.html* file, add a `class` attribute with a value of **round** to the image elements within the `main` element.
Reason: Assertion failed: The `img` element within the `main` element does not contain a `class` attribute with a value of `round`.
Error : AssertionError - The `img` element within the `main` element does not contain a `class` attribute with a value of `round`.
Timestamp: 2025-04-15 04:08:28.090449

Status: FAILED!
Check: 2
Test: In the *about.html* file, add a `class` attribute with a value of **round** to the image elements within the `main` element.
Reason: Assertion failed: The `img` element within the `main` element does not contain a `class` attribute with a value of `round`.
Error : AssertionError - The `img` element within the `main` element does not contain a `class` attribute with a value of `round`.
Timestamp: 2025-04-15 04:08:28.094229
