
Status: FAILED!
Check: 1
Test: Update the paragraph element on Line 15 to use an h1 element
Reason: Assertion failed: Paragraph element found in the header
Error : AssertionError - Paragraph element found in the header
Timestamp: 2025-02-23 08:47:55.276865
