
Status: FAILED!
Check: 1
Test: Add a black small square to the beginning of each sentence in the article element
Reason: Assertion failed: Expected 4 black squares in the paragraph element (&#9642;), found 0
Error : AssertionError - Expected 4 black squares in the paragraph element (&#9642;), found 0
Timestamp: 2025-02-23 09:33:12.679344
