
Status: FAILED!
Check: 1
Test: Add a nonbreaking space, a black circle, and another nonbreaking space after the word Perceivable
Reason: Assertion failed: Expected 6 nonbreaking spaces in the nav block (&nbsp;), found 0
Error : AssertionError - Expected 6 nonbreaking spaces in the nav block (&nbsp;), found 0
Timestamp: 2025-02-23 08:53:09.748684

Status: FAILED!
Check: 2
Test: Add a black circle to each line in the navigation section
Reason: Assertion failed: Expected 3 black circles in the nav block (&#9679;), one on each line, found 0
Error : AssertionError - Expected 3 black circles in the nav block (&#9679;), one on each line, found 0
Timestamp: 2025-02-23 08:53:09.749443
