
Status: FAILED!
Check: 1
Test: Wrap all paragraph elements within one article element
Reason: Assertion failed: Article element not found
Error : AssertionError - Article element not found
Timestamp: 2025-02-23 09:09:23.119857

Status: FAILED!
Check: 2
Test: Change the first paragraph element to an h2
Reason: AttributeError occurred: 'NoneType' object has no attribute 'find'
Error : AttributeError - 'NoneType' object has no attribute 'find'
Timestamp: 2025-02-23 09:09:23.120993
